<?xml version="1.0" encoding="UTF-8"?>
<testng-results total="1" passed="0" failed="1" skipped="0">
  <reporter-output>
  </reporter-output>
  <suite started-at="2022-03-30T08:53:44Z" name="Default suite" finished-at="2022-03-30T08:56:42Z" duration-ms="177116">
    <groups>
    </groups>
    <test started-at="2022-03-30T08:53:44Z" name="Default test" finished-at="2022-03-30T08:56:42Z" duration-ms="177116">
      <class name="Admin.User_Management">
        <test-method is-config="true" signature="openBrowser(org.testng.ITestContext)[pri:0, instance:Admin.User_Management@4416d64f]" started-at="2022-03-30T14:23:44Z" name="openBrowser" finished-at="2022-03-30T14:24:07Z" duration-ms="22472" status="PASS">
          <params>
            <param index="0">
              <value>
                <![CDATA[org.testng.TestRunner@63411512]]>
              </value>
            </param>
          </params>
          <reporter-output>
          </reporter-output>
        </test-method> <!-- openBrowser -->
        <test-method signature="DSCL_Admin_UserManagement_13(java.lang.reflect.Method)[pri:0, instance:Admin.User_Management@4416d64f]" started-at="2022-03-30T14:24:07Z" name="DSCL_Admin_UserManagement_13" description="To verify that user is able to perform Sorting functionality for the Name, User Name, Email, Role Name, Created By, and Created On columns of the User Data grid." finished-at="2022-03-30T14:26:41Z" duration-ms="153909" status="FAIL">
          <params>
            <param index="0">
              <value>
                <![CDATA[public void Admin.User_Management.DSCL_Admin_UserManagement_13(java.lang.reflect.Method) throws java.lang.InterruptedException]]>
              </value>
            </param>
          </params>
          <exception class="java.lang.NullPointerException">
            <full-stacktrace>
              <![CDATA[java.lang.NullPointerException
	at Admin.User_Management.DSCL_Admin_UserManagement_13(User_Management.java:449)
	at java.base/jdk.internal.reflect.NativeMethodAccessorImpl.invoke0(Native Method)
	at java.base/jdk.internal.reflect.NativeMethodAccessorImpl.invoke(NativeMethodAccessorImpl.java:62)
	at java.base/jdk.internal.reflect.DelegatingMethodAccessorImpl.invoke(DelegatingMethodAccessorImpl.java:43)
	at java.base/java.lang.reflect.Method.invoke(Method.java:566)
	at org.testng.internal.MethodInvocationHelper.invokeMethod(MethodInvocationHelper.java:80)
	at org.testng.internal.Invoker.invokeMethod(Invoker.java:714)
	at org.testng.internal.Invoker.invokeTestMethod(Invoker.java:901)
	at org.testng.internal.Invoker.invokeTestMethods(Invoker.java:1231)
	at org.testng.internal.TestMethodWorker.invokeTestMethods(TestMethodWorker.java:127)
	at org.testng.internal.TestMethodWorker.run(TestMethodWorker.java:111)
	at org.testng.TestRunner.privateRun(TestRunner.java:767)
	at org.testng.TestRunner.run(TestRunner.java:617)
	at org.testng.SuiteRunner.runTest(SuiteRunner.java:334)
	at org.testng.SuiteRunner.runSequentially(SuiteRunner.java:329)
	at org.testng.SuiteRunner.privateRun(SuiteRunner.java:291)
	at org.testng.SuiteRunner.run(SuiteRunner.java:240)
	at org.testng.SuiteRunnerWorker.runSuite(SuiteRunnerWorker.java:52)
	at org.testng.SuiteRunnerWorker.run(SuiteRunnerWorker.java:86)
	at org.testng.TestNG.runSuitesSequentially(TestNG.java:1198)
	at org.testng.TestNG.runSuitesLocally(TestNG.java:1123)
	at org.testng.TestNG.run(TestNG.java:1031)
	at org.testng.remote.AbstractRemoteTestNG.run(AbstractRemoteTestNG.java:115)
	at org.testng.remote.RemoteTestNG.initAndRun(RemoteTestNG.java:251)
	at org.testng.remote.RemoteTestNG.main(RemoteTestNG.java:77)
]]>
            </full-stacktrace>
          </exception> <!-- java.lang.NullPointerException -->
          <reporter-output>
          </reporter-output>
        </test-method> <!-- DSCL_Admin_UserManagement_13 -->
        <test-method is-config="true" signature="afterClass()[pri:0, instance:Admin.User_Management@4416d64f]" started-at="2022-03-30T14:26:41Z" name="afterClass" finished-at="2022-03-30T14:26:42Z" duration-ms="720" status="PASS">
          <reporter-output>
          </reporter-output>
        </test-method> <!-- afterClass -->
      </class> <!-- Admin.User_Management -->
    </test> <!-- Default test -->
  </suite> <!-- Default suite -->
</testng-results>
